platforms/android/build/outputs/apk/manifest-merger-debug-report.txt
-- Merging decision tree log ---
manifest
ADDED from AndroidManifest.xml:2:1
	android:hardwareAccelerated
		ADDED from AndroidManifest.xml:2:11
	xmlns:android
		ADDED from AndroidManifest.xml:2:121
	package
		ADDED from AndroidManifest.xml:2:98
		INJECTED from AndroidManifest.xml:0:0
		INJECTED from AndroidManifest.xml:0:0
	android:versionName
		ADDED from AndroidManifest.xml:2:70
	android:versionCode
		ADDED from AndroidManifest.xml:2:46
		INJECTED from AndroidManifest.xml:0:0
		INJECTED from AndroidManifest.xml:0:0
supports-screens
ADDED from AndroidManifest.xml:3:5
	android:resizeable
		ADDED from AndroidManifest.xml:3:106
	android:largeScreens
		ADDED from AndroidManifest.xml:3:49
	android:anyDensity
		ADDED from AndroidManifest.xml:3:23
	android:normalScreens
		ADDED from AndroidManifest.xml:3:77
	android:xlargeScreens
		ADDED from AndroidManifest.xml:3:160
	android:smallScreens
		ADDED from AndroidManifest.xml:3:132
uses-permission#android.permission.INTERNET
ADDED from AndroidManifest.xml:4:5
MERGED from com.google.android.gms:play-services-gcm:8.4.0:22:5
MERGED from com.google.android.gms:play-services-measurement:8.4.0:21:5
	android:name
		ADDED from AndroidManifest.xml:4:22
uses-permission#android.permission.ACCESS_NETWORK_STATE
ADDED from AndroidManifest.xml:5:5
MERGED from com.google.android.gms:play-services-measurement:8.4.0:22:5
	android:name
		ADDED from AndroidManifest.xml:5:22
uses-permission#android.permission.ACCESS_WIFI_STATE
ADDED from AndroidManifest.xml:6:5
	android:name
		ADDED from AndroidManifest.xml:6:22
application
ADDED from AndroidManifest.xml:7:5
MERGED from com.android.support:support-v13:23.1.1:22:5
MERGED from com.android.support:support-v4:23.1.1:22:5
MERGED from com.google.android.gms:play-services-gcm:8.4.0:24:5
MERGED from com.google.android.gms:play-services-basement:8.4.0:20:5
MERGED from com.android.support:support-v4:23.1.1:22:5
MERGED from com.google.android.gms:play-services-measurement:8.4.0:26:5
MERGED from com.google.android.gms:play-services-basement:8.4.0:20:5
MERGED from com.android.support:support-v4:23.1.1:22:5
	android:supportsRtl
		ADDED from AndroidManifest.xml:7:116
	android:label
		ADDED from AndroidManifest.xml:7:83
	android:icon
		ADDED from AndroidManifest.xml:7:53
	android:hardwareAccelerated
		ADDED from AndroidManifest.xml:7:18
activity#com.oxes.pap.MainActivity
ADDED from AndroidManifest.xml:8:9
	android:windowSoftInputMode
		ADDED from AndroidManifest.xml:8:285
	android:screenOrientation
		ADDED from AndroidManifest.xml:8:194
	android:label
		ADDED from AndroidManifest.xml:8:97
	android:configChanges
		ADDED from AndroidManifest.xml:8:19
	android:theme
		ADDED from AndroidManifest.xml:8:231
	android:name
		ADDED from AndroidManifest.xml:8:166
	android:launchMode
		ADDED from AndroidManifest.xml:8:135
intent-filter#android.intent.action.MAIN+android.intent.category.LAUNCHER
ADDED from AndroidManifest.xml:9:13
	android:label
		ADDED from AndroidManifest.xml:9:28
action#android.intent.action.MAIN
ADDED from AndroidManifest.xml:10:17
	android:name
		ADDED from AndroidManifest.xml:10:25
category#android.intent.category.LAUNCHER
ADDED from AndroidManifest.xml:11:17
	android:name
		ADDED from AndroidManifest.xml:11:27
activity#com.adobe.phonegap.push.PushHandlerActivity
ADDED from AndroidManifest.xml:14:9
	android:exported
		ADDED from AndroidManifest.xml:14:19
	android:name
		ADDED from AndroidManifest.xml:14:43
receiver#com.google.android.gms.gcm.GcmReceiver
ADDED from AndroidManifest.xml:15:9
	android:exported
		ADDED from AndroidManifest.xml:15:19
	android:permission
		ADDED from AndroidManifest.xml:15:97
	android:name
		ADDED from AndroidManifest.xml:15:43
intent-filter#${applicationId}+com.google.android.c2dm.intent.RECEIVE
ADDED from AndroidManifest.xml:16:13
action#com.google.android.c2dm.intent.RECEIVE
ADDED from AndroidManifest.xml:17:17
	android:name
		ADDED from AndroidManifest.xml:17:25
category#${applicationId}
ADDED from AndroidManifest.xml:18:17
	android:name
		ADDED from AndroidManifest.xml:18:27
		INJECTED from AndroidManifest.xml:0:0
service#com.adobe.phonegap.push.GCMIntentService
ADDED from AndroidManifest.xml:21:9
	android:exported
		ADDED from AndroidManifest.xml:21:18
	android:name
		ADDED from AndroidManifest.xml:21:43
intent-filter#com.google.android.c2dm.intent.RECEIVE
ADDED from AndroidManifest.xml:22:13
service#com.adobe.phonegap.push.PushInstanceIDListenerService
ADDED from AndroidManifest.xml:26:9
	android:exported
		ADDED from AndroidManifest.xml:26:18
	android:name
		ADDED from AndroidManifest.xml:26:43
intent-filter#com.google.android.gms.iid.InstanceID
ADDED from AndroidManifest.xml:27:13
action#com.google.android.gms.iid.InstanceID
ADDED from AndroidManifest.xml:28:17
	android:name
		ADDED from AndroidManifest.xml:28:25
service#com.adobe.phonegap.push.RegistrationIntentService
ADDED from AndroidManifest.xml:31:9
	android:exported
		ADDED from AndroidManifest.xml:31:18
	android:name
		ADDED from AndroidManifest.xml:31:43
uses-sdk
ADDED from AndroidManifest.xml:33:5
MERGED from com.android.support:support-v13:23.1.1:20:5
MERGED from com.android.support:support-v4:23.1.1:20:5
MERGED from com.google.android.gms:play-services-gcm:8.4.0:18:5
MERGED from com.google.android.gms:play-services-base:8.4.0:18:5
MERGED from com.google.android.gms:play-services-basement:8.4.0:18:5
MERGED from com.android.support:support-v4:23.1.1:20:5
MERGED from com.google.android.gms:play-services-measurement:8.4.0:18:5
MERGED from com.google.android.gms:play-services-basement:8.4.0:18:5
MERGED from com.android.support:support-v4:23.1.1:20:5
MERGED from android:CordovaLib:unspecified:debug:25:5
	android:targetSdkVersion
		ADDED from AndroidManifest.xml:33:42
	android:minSdkVersion
		ADDED from AndroidManifest.xml:33:15
uses-permission#android.permission.ACCESS_COARSE_LOCATION
ADDED from AndroidManifest.xml:34:5
	android:name
		ADDED from AndroidManifest.xml:34:22
uses-permission#android.permission.ACCESS_FINE_LOCATION
ADDED from AndroidManifest.xml:35:5
	android:name
		ADDED from AndroidManifest.xml:35:22
uses-permission#android.permission.BLUETOOTH
ADDED from AndroidManifest.xml:36:5
	android:name
		ADDED from AndroidManifest.xml:36:22
uses-permission#android.permission.WAKE_LOCK
ADDED from AndroidManifest.xml:37:5
MERGED from com.google.android.gms:play-services-measurement:8.4.0:24:5
	android:name
		ADDED from AndroidManifest.xml:37:22
uses-permission#android.permission.VIBRATE
ADDED from AndroidManifest.xml:38:5
	android:name
		ADDED from AndroidManifest.xml:38:22
uses-permission#com.google.android.c2dm.permission.RECEIVE
ADDED from AndroidManifest.xml:39:5
MERGED from com.google.android.gms:play-services-gcm:8.4.0:21:5
	android:name
		ADDED from AndroidManifest.xml:39:22
permission#${applicationId}.permission.C2D_MESSAGE
ADDED from AndroidManifest.xml:40:5
	android:protectionLevel
		ADDED from AndroidManifest.xml:40:72
	android:name
		ADDED from AndroidManifest.xml:40:17
		INJECTED from AndroidManifest.xml:0:0
uses-permission#${applicationId}.permission.C2D_MESSAGE
ADDED from AndroidManifest.xml:41:5
	android:name
		ADDED from AndroidManifest.xml:41:22
		INJECTED from AndroidManifest.xml:0:0
meta-data#com.google.android.gms.version
ADDED from com.google.android.gms:play-services-basement:8.4.0:21:9
MERGED from com.google.android.gms:play-services-basement:8.4.0:21:9
	android:name
		ADDED from com.google.android.gms:play-services-basement:8.4.0:22:13
	android:value
		ADDED from com.google.android.gms:play-services-basement:8.4.0:23:13
provider#com.google.android.gms.measurement.AppMeasurementContentProvider
ADDED from com.google.android.gms:play-services-measurement:8.4.0:28:7
	android:exported
		ADDED from com.google.android.gms:play-services-measurement:8.4.0:31:11
	android:authorities
		ADDED from com.google.android.gms:play-services-measurement:8.4.0:29:11
	android:name
		ADDED from com.google.android.gms:play-services-measurement:8.4.0:30:11
receiver#com.google.android.gms.measurement.AppMeasurementReceiver
ADDED from com.google.android.gms:play-services-measurement:8.4.0:33:7
	android:enabled
		ADDED from com.google.android.gms:play-services-measurement:8.4.0:35:11
	android:name
		ADDED from com.google.android.gms:play-services-measurement:8.4.0:34:11
intent-filter#com.google.android.gms.measurement.UPLOAD
ADDED from com.google.android.gms:play-services-measurement:8.4.0:36:9
action#com.google.android.gms.measurement.UPLOAD
ADDED from com.google.android.gms:play-services-measurement:8.4.0:37:11
	android:name
		ADDED from com.google.android.gms:play-services-measurement:8.4.0:37:19
service#com.google.android.gms.measurement.AppMeasurementService
ADDED from com.google.android.gms:play-services-measurement:8.4.0:41:7
	android:exported
		ADDED from com.google.android.gms:play-services-measurement:8.4.0:44:11
	android:enabled
		ADDED from com.google.android.gms:play-services-measurement:8.4.0:43:11
	android:name
		ADDED from com.google.android.gms:play-services-measurement:8.4.0:42:11